<?xml version="1.0" encoding="UTF-8"?>
<testsuite xmlns:xsi="http://www.w3.org/2001/XMLSchema-instance" xsi:noNamespaceSchemaLocation="https://maven.apache.org/surefire/maven-surefire-plugin/xsd/surefire-test-report.xsd" name="com.disasterresponse.controller.DatabaseConnectionTest" time="0.556" tests="5" errors="0" skipped="0" failures="0">
  <properties>
[...]
</properties>
  <testcase name="testRescueRequestsTableExists" classname="com.disasterresponse.controller.DatabaseConnectionTest" time="0.026"/>
  <testcase name="testConnection" classname="com.disasterresponse.controller.DatabaseConnectionTest" time="0"/>
  <testcase name="testDisasterReportsTableExists" classname="com.disasterresponse.controller.DatabaseConnectionTest" time="0"/>
  <testcase name="testIncidentReportsTableExists" classname="com.disasterresponse.controller.DatabaseConnectionTest" time="0.004"/>
  <testcase name="testUsersTableExists" classname="com.disasterresponse.controller.DatabaseConnectionTest" time="0"/>
</testsuite>